Analysis & Synthesis report for 200104004005_AbdullahEnes_Patir
Sun Dec 10 23:50:46 2023
Quartus Prime Version 20.1.1 Build 720 11/11/2020 SJ Lite Edition


---------------------
; Table of Contents ;
---------------------
  1. Legal Notice
  2. Analysis & Synthesis Summary
  3. Analysis & Synthesis Settings
  4. Parallel Compilation
  5. Analysis & Synthesis Source Files Read
  6. Analysis & Synthesis Resource Usage Summary
  7. Analysis & Synthesis Resource Utilization by Entity
  8. State Machine - |alu_32|mod_32:modx|next_state
  9. State Machine - |alu_32|mod_32:modx|state
 10. General Register Statistics
 11. Multiplexer Restructuring Statistics (Restructuring Performed)
 12. Parameter Settings for User Entity Instance: mod_32:modx
 13. Port Connectivity Checks: "slt_32:sltx|adder_32:slt_func"
 14. Port Connectivity Checks: "slt_32:sltx"
 15. Port Connectivity Checks: "adder_32:adderx"
 16. Port Connectivity Checks: "sub_32:subx|adder_32:adderx|adder_4:cla1|and_4input:and_9"
 17. Port Connectivity Checks: "sub_32:subx|adder_32:adderx|adder_4:cla1|and_4input:and_5"
 18. Port Connectivity Checks: "sub_32:subx|adder_32:adderx|adder_4:cla1|or_4input:or_3"
 19. Port Connectivity Checks: "sub_32:subx|adder_32:adderx|adder_4:cla1|and_4input:and_3"
 20. Port Connectivity Checks: "sub_32:subx|adder_32:adderx"
 21. Port Connectivity Checks: "sub_32:subx"
 22. Post-Synthesis Netlist Statistics for Top Partition
 23. Elapsed Time Per Partition
 24. Analysis & Synthesis Messages



----------------
; Legal Notice ;
----------------
Copyright (C) 2020  Intel Corporation. All rights reserved.
Your use of Intel Corporation's design tools, logic functions 
and other software and tools, and any partner logic 
functions, and any output files from any of the foregoing 
(including device programming or simulation files), and any 
associated documentation or information are expressly subject 
to the terms and conditions of the Intel Program License 
Subscription Agreement, the Intel Quartus Prime License Agreement,
the Intel FPGA IP License Agreement, or other applicable license
agreement, including, without limitation, that your use is for
the sole purpose of programming logic devices manufactured by
Intel and sold by Intel or its authorized distributors.  Please
refer to the applicable agreement for further details, at
https://fpgasoftware.intel.com/eula.



+-------------------------------------------------------------------------------+
; Analysis & Synthesis Summary                                                  ;
+---------------------------------+---------------------------------------------+
; Analysis & Synthesis Status     ; Successful - Sun Dec 10 23:50:46 2023       ;
; Quartus Prime Version           ; 20.1.1 Build 720 11/11/2020 SJ Lite Edition ;
; Revision Name                   ; 200104004005_AbdullahEnes_Patir             ;
; Top-level Entity Name           ; alu_32                                      ;
; Family                          ; Cyclone V                                   ;
; Logic utilization (in ALMs)     ; N/A                                         ;
; Total registers                 ; 70                                          ;
; Total pins                      ; 101                                         ;
; Total virtual pins              ; 0                                           ;
; Total block memory bits         ; 0                                           ;
; Total DSP Blocks                ; 0                                           ;
; Total HSSI RX PCSs              ; 0                                           ;
; Total HSSI PMA RX Deserializers ; 0                                           ;
; Total HSSI TX PCSs              ; 0                                           ;
; Total HSSI PMA TX Serializers   ; 0                                           ;
; Total PLLs                      ; 0                                           ;
; Total DLLs                      ; 0                                           ;
+---------------------------------+---------------------------------------------+


+----------------------------------------------------------------------------------------------------------------------------------------+
; Analysis & Synthesis Settings                                                                                                          ;
+---------------------------------------------------------------------------------+--------------------+---------------------------------+
; Option                                                                          ; Setting            ; Default Value                   ;
+---------------------------------------------------------------------------------+--------------------+---------------------------------+
; Device                                                                          ; 5CGXFC7C7F23C8     ;                                 ;
; Top-level entity name                                                           ; alu_32             ; 200104004005_AbdullahEnes_Patir ;
; Family name                                                                     ; Cyclone V          ; Cyclone V                       ;
; Use smart compilation                                                           ; Off                ; Off                             ;
; Enable parallel Assembler and Timing Analyzer during compilation                ; On                 ; On                              ;
; Enable compact report table                                                     ; Off                ; Off                             ;
; Restructure Multiplexers                                                        ; Auto               ; Auto                            ;
; MLAB Add Timing Constraints For Mixed-Port Feed-Through Mode Setting Don't Care ; Off                ; Off                             ;
; Create Debugging Nodes for IP Cores                                             ; Off                ; Off                             ;
; Preserve fewer node names                                                       ; On                 ; On                              ;
; Intel FPGA IP Evaluation Mode                                                   ; Enable             ; Enable                          ;
; Verilog Version                                                                 ; Verilog_2001       ; Verilog_2001                    ;
; VHDL Version                                                                    ; VHDL_1993          ; VHDL_1993                       ;
; State Machine Processing                                                        ; Auto               ; Auto                            ;
; Safe State Machine                                                              ; Off                ; Off                             ;
; Extract Verilog State Machines                                                  ; On                 ; On                              ;
; Extract VHDL State Machines                                                     ; On                 ; On                              ;
; Ignore Verilog initial constructs                                               ; Off                ; Off                             ;
; Iteration limit for constant Verilog loops                                      ; 5000               ; 5000                            ;
; Iteration limit for non-constant Verilog loops                                  ; 250                ; 250                             ;
; Add Pass-Through Logic to Inferred RAMs                                         ; On                 ; On                              ;
; Infer RAMs from Raw Logic                                                       ; On                 ; On                              ;
; Parallel Synthesis                                                              ; On                 ; On                              ;
; DSP Block Balancing                                                             ; Auto               ; Auto                            ;
; NOT Gate Push-Back                                                              ; On                 ; On                              ;
; Power-Up Don't Care                                                             ; On                 ; On                              ;
; Remove Redundant Logic Cells                                                    ; Off                ; Off                             ;
; Remove Duplicate Registers                                                      ; On                 ; On                              ;
; Ignore CARRY Buffers                                                            ; Off                ; Off                             ;
; Ignore CASCADE Buffers                                                          ; Off                ; Off                             ;
; Ignore GLOBAL Buffers                                                           ; Off                ; Off                             ;
; Ignore ROW GLOBAL Buffers                                                       ; Off                ; Off                             ;
; Ignore LCELL Buffers                                                            ; Off                ; Off                             ;
; Ignore SOFT Buffers                                                             ; On                 ; On                              ;
; Limit AHDL Integers to 32 Bits                                                  ; Off                ; Off                             ;
; Optimization Technique                                                          ; Balanced           ; Balanced                        ;
; Carry Chain Length                                                              ; 70                 ; 70                              ;
; Auto Carry Chains                                                               ; On                 ; On                              ;
; Auto Open-Drain Pins                                                            ; On                 ; On                              ;
; Perform WYSIWYG Primitive Resynthesis                                           ; Off                ; Off                             ;
; Auto ROM Replacement                                                            ; On                 ; On                              ;
; Auto RAM Replacement                                                            ; On                 ; On                              ;
; Auto DSP Block Replacement                                                      ; On                 ; On                              ;
; Auto Shift Register Replacement                                                 ; Auto               ; Auto                            ;
; Allow Shift Register Merging across Hierarchies                                 ; Auto               ; Auto                            ;
; Auto Clock Enable Replacement                                                   ; On                 ; On                              ;
; Strict RAM Replacement                                                          ; Off                ; Off                             ;
; Allow Synchronous Control Signals                                               ; On                 ; On                              ;
; Force Use of Synchronous Clear Signals                                          ; Off                ; Off                             ;
; Auto Resource Sharing                                                           ; Off                ; Off                             ;
; Allow Any RAM Size For Recognition                                              ; Off                ; Off                             ;
; Allow Any ROM Size For Recognition                                              ; Off                ; Off                             ;
; Allow Any Shift Register Size For Recognition                                   ; Off                ; Off                             ;
; Use LogicLock Constraints during Resource Balancing                             ; On                 ; On                              ;
; Ignore translate_off and synthesis_off directives                               ; Off                ; Off                             ;
; Timing-Driven Synthesis                                                         ; On                 ; On                              ;
; Report Parameter Settings                                                       ; On                 ; On                              ;
; Report Source Assignments                                                       ; On                 ; On                              ;
; Report Connectivity Checks                                                      ; On                 ; On                              ;
; Ignore Maximum Fan-Out Assignments                                              ; Off                ; Off                             ;
; Synchronization Register Chain Length                                           ; 3                  ; 3                               ;
; Power Optimization During Synthesis                                             ; Normal compilation ; Normal compilation              ;
; HDL message level                                                               ; Level2             ; Level2                          ;
; Suppress Register Optimization Related Messages                                 ; Off                ; Off                             ;
; Number of Removed Registers Reported in Synthesis Report                        ; 5000               ; 5000                            ;
; Number of Swept Nodes Reported in Synthesis Report                              ; 5000               ; 5000                            ;
; Number of Inverted Registers Reported in Synthesis Report                       ; 100                ; 100                             ;
; Clock MUX Protection                                                            ; On                 ; On                              ;
; Auto Gated Clock Conversion                                                     ; Off                ; Off                             ;
; Block Design Naming                                                             ; Auto               ; Auto                            ;
; SDC constraint protection                                                       ; Off                ; Off                             ;
; Synthesis Effort                                                                ; Auto               ; Auto                            ;
; Shift Register Replacement - Allow Asynchronous Clear Signal                    ; On                 ; On                              ;
; Pre-Mapping Resynthesis Optimization                                            ; Off                ; Off                             ;
; Analysis & Synthesis Message Level                                              ; Medium             ; Medium                          ;
; Disable Register Merging Across Hierarchies                                     ; Auto               ; Auto                            ;
; Resource Aware Inference For Block RAM                                          ; On                 ; On                              ;
; Automatic Parallel Synthesis                                                    ; On                 ; On                              ;
; Partial Reconfiguration Bitstream ID                                            ; Off                ; Off                             ;
+---------------------------------------------------------------------------------+--------------------+---------------------------------+


+------------------------------------------+
; Parallel Compilation                     ;
+----------------------------+-------------+
; Processors                 ; Number      ;
+----------------------------+-------------+
; Number detected on machine ; 16          ;
; Maximum allowed            ; 8           ;
;                            ;             ;
; Average used               ; 1.00        ;
; Maximum used               ; 8           ;
;                            ;             ;
; Usage by Processor         ; % Time Used ;
;     Processor 1            ; 100.0%      ;
;     Processors 2-8         ;   0.0%      ;
+----------------------------+-------------+


+--------------------------------------------------------------------------------------------------------------------------------------+
; Analysis & Synthesis Source Files Read                                                                                               ;
+----------------------------------+-----------------+------------------------+----------------------------------------------+---------+
; File Name with User-Entered Path ; Used in Netlist ; File Type              ; File Name with Absolute Path                 ; Library ;
+----------------------------------+-----------------+------------------------+----------------------------------------------+---------+
; files/adder_32.v                 ; yes             ; User Verilog HDL File  ; C:/Users/abdul/OneDrive/HW2/files/adder_32.v ;         ;
; files/sub_32.v                   ; yes             ; User Verilog HDL File  ; C:/Users/abdul/OneDrive/HW2/files/sub_32.v   ;         ;
; files/and_32.v                   ; yes             ; User Verilog HDL File  ; C:/Users/abdul/OneDrive/HW2/files/and_32.v   ;         ;
; files/or_32.v                    ; yes             ; User Verilog HDL File  ; C:/Users/abdul/OneDrive/HW2/files/or_32.v    ;         ;
; files/xor_32.v                   ; yes             ; User Verilog HDL File  ; C:/Users/abdul/OneDrive/HW2/files/xor_32.v   ;         ;
; files/mux_8x1.v                  ; yes             ; User Verilog HDL File  ; C:/Users/abdul/OneDrive/HW2/files/mux_8x1.v  ;         ;
; files/nor_32.v                   ; yes             ; User Verilog HDL File  ; C:/Users/abdul/OneDrive/HW2/files/nor_32.v   ;         ;
; files/mod_32.v                   ; yes             ; User Verilog HDL File  ; C:/Users/abdul/OneDrive/HW2/files/mod_32.v   ;         ;
; files/slt_32.v                   ; yes             ; User Verilog HDL File  ; C:/Users/abdul/OneDrive/HW2/files/slt_32.v   ;         ;
; files/alu_32.v                   ; yes             ; User Verilog HDL File  ; C:/Users/abdul/OneDrive/HW2/files/alu_32.v   ;         ;
+----------------------------------+-----------------+------------------------+----------------------------------------------+---------+


+-----------------------------------------------------------+
; Analysis & Synthesis Resource Usage Summary               ;
+---------------------------------------------+-------------+
; Resource                                    ; Usage       ;
+---------------------------------------------+-------------+
; Estimate of Logic utilization (ALMs needed) ; 196         ;
;                                             ;             ;
; Combinational ALUT usage for logic          ; 285         ;
;     -- 7 input functions                    ; 10          ;
;     -- 6 input functions                    ; 92          ;
;     -- 5 input functions                    ; 21          ;
;     -- 4 input functions                    ; 76          ;
;     -- <=3 input functions                  ; 86          ;
;                                             ;             ;
; Dedicated logic registers                   ; 70          ;
;                                             ;             ;
; I/O pins                                    ; 101         ;
;                                             ;             ;
; Total DSP Blocks                            ; 0           ;
;                                             ;             ;
; Maximum fan-out node                        ; clock~input ;
; Maximum fan-out                             ; 70          ;
; Total fan-out                               ; 1654        ;
; Average fan-out                             ; 2.97        ;
+---------------------------------------------+-------------+


+----------------------------------------------------------------------------------------------------------------------------------------------------------------------------------------------------------------------------------------+
; Analysis & Synthesis Resource Utilization by Entity                                                                                                                                                                                    ;
+-------------------------------+---------------------+---------------------------+-------------------+------------+------+--------------+-----------------------------------------------------------------+--------------+--------------+
; Compilation Hierarchy Node    ; Combinational ALUTs ; Dedicated Logic Registers ; Block Memory Bits ; DSP Blocks ; Pins ; Virtual Pins ; Full Hierarchy Name                                             ; Entity Name  ; Library Name ;
+-------------------------------+---------------------+---------------------------+-------------------+------------+------+--------------+-----------------------------------------------------------------+--------------+--------------+
; |alu_32                       ; 285 (0)             ; 70 (0)                    ; 0                 ; 0          ; 101  ; 0            ; |alu_32                                                         ; alu_32       ; work         ;
;    |adder_32:adderx|          ; 59 (0)              ; 0 (0)                     ; 0                 ; 0          ; 0    ; 0            ; |alu_32|adder_32:adderx                                         ; adder_32     ; work         ;
;       |adder_4:cla1|          ; 7 (5)               ; 0 (0)                     ; 0                 ; 0          ; 0    ; 0            ; |alu_32|adder_32:adderx|adder_4:cla1                            ; adder_4      ; work         ;
;          |or_4input:or_5|     ; 2 (2)               ; 0 (0)                     ; 0                 ; 0          ; 0    ; 0            ; |alu_32|adder_32:adderx|adder_4:cla1|or_4input:or_5             ; or_4input    ; work         ;
;       |adder_4:cla2|          ; 8 (7)               ; 0 (0)                     ; 0                 ; 0          ; 0    ; 0            ; |alu_32|adder_32:adderx|adder_4:cla2                            ; adder_4      ; work         ;
;          |or_4input:or_5|     ; 1 (1)               ; 0 (0)                     ; 0                 ; 0          ; 0    ; 0            ; |alu_32|adder_32:adderx|adder_4:cla2|or_4input:or_5             ; or_4input    ; work         ;
;       |adder_4:cla3|          ; 8 (7)               ; 0 (0)                     ; 0                 ; 0          ; 0    ; 0            ; |alu_32|adder_32:adderx|adder_4:cla3                            ; adder_4      ; work         ;
;          |or_4input:or_5|     ; 1 (1)               ; 0 (0)                     ; 0                 ; 0          ; 0    ; 0            ; |alu_32|adder_32:adderx|adder_4:cla3|or_4input:or_5             ; or_4input    ; work         ;
;       |adder_4:cla4|          ; 8 (7)               ; 0 (0)                     ; 0                 ; 0          ; 0    ; 0            ; |alu_32|adder_32:adderx|adder_4:cla4                            ; adder_4      ; work         ;
;          |or_4input:or_5|     ; 1 (1)               ; 0 (0)                     ; 0                 ; 0          ; 0    ; 0            ; |alu_32|adder_32:adderx|adder_4:cla4|or_4input:or_5             ; or_4input    ; work         ;
;       |adder_4:cla5|          ; 8 (7)               ; 0 (0)                     ; 0                 ; 0          ; 0    ; 0            ; |alu_32|adder_32:adderx|adder_4:cla5                            ; adder_4      ; work         ;
;          |or_4input:or_3|     ; 1 (1)               ; 0 (0)                     ; 0                 ; 0          ; 0    ; 0            ; |alu_32|adder_32:adderx|adder_4:cla5|or_4input:or_3             ; or_4input    ; work         ;
;       |adder_4:cla6|          ; 9 (8)               ; 0 (0)                     ; 0                 ; 0          ; 0    ; 0            ; |alu_32|adder_32:adderx|adder_4:cla6                            ; adder_4      ; work         ;
;          |or_4input:or_3|     ; 1 (1)               ; 0 (0)                     ; 0                 ; 0          ; 0    ; 0            ; |alu_32|adder_32:adderx|adder_4:cla6|or_4input:or_3             ; or_4input    ; work         ;
;       |adder_4:cla7|          ; 7 (6)               ; 0 (0)                     ; 0                 ; 0          ; 0    ; 0            ; |alu_32|adder_32:adderx|adder_4:cla7                            ; adder_4      ; work         ;
;          |or_4input:or_5|     ; 1 (1)               ; 0 (0)                     ; 0                 ; 0          ; 0    ; 0            ; |alu_32|adder_32:adderx|adder_4:cla7|or_4input:or_5             ; or_4input    ; work         ;
;       |adder_4:cla8|          ; 4 (3)               ; 0 (0)                     ; 0                 ; 0          ; 0    ; 0            ; |alu_32|adder_32:adderx|adder_4:cla8                            ; adder_4      ; work         ;
;          |or_4input:or_5|     ; 1 (1)               ; 0 (0)                     ; 0                 ; 0          ; 0    ; 0            ; |alu_32|adder_32:adderx|adder_4:cla8|or_4input:or_5             ; or_4input    ; work         ;
;    |mod_32:modx|              ; 71 (71)             ; 70 (70)                   ; 0                 ; 0          ; 0    ; 0            ; |alu_32|mod_32:modx                                             ; mod_32       ; work         ;
;    |mux_8x1:mux|              ; 68 (0)              ; 0 (0)                     ; 0                 ; 0          ; 0    ; 0            ; |alu_32|mux_8x1:mux                                             ; mux_8x1      ; work         ;
;       |mux_2x1:mux5|          ; 8 (0)               ; 0 (0)                     ; 0                 ; 0          ; 0    ; 0            ; |alu_32|mux_8x1:mux|mux_2x1:mux5                                ; mux_2x1      ; work         ;
;          |mux_2x1_1bit:mux1|  ; 5 (5)               ; 0 (0)                     ; 0                 ; 0          ; 0    ; 0            ; |alu_32|mux_8x1:mux|mux_2x1:mux5|mux_2x1_1bit:mux1              ; mux_2x1_1bit ; work         ;
;          |mux_2x1_1bit:mux32| ; 3 (3)               ; 0 (0)                     ; 0                 ; 0          ; 0    ; 0            ; |alu_32|mux_8x1:mux|mux_2x1:mux5|mux_2x1_1bit:mux32             ; mux_2x1_1bit ; work         ;
;       |mux_2x1:mux7|          ; 60 (0)              ; 0 (0)                     ; 0                 ; 0          ; 0    ; 0            ; |alu_32|mux_8x1:mux|mux_2x1:mux7                                ; mux_2x1      ; work         ;
;          |mux_2x1_1bit:mux10| ; 2 (2)               ; 0 (0)                     ; 0                 ; 0          ; 0    ; 0            ; |alu_32|mux_8x1:mux|mux_2x1:mux7|mux_2x1_1bit:mux10             ; mux_2x1_1bit ; work         ;
;          |mux_2x1_1bit:mux11| ; 2 (2)               ; 0 (0)                     ; 0                 ; 0          ; 0    ; 0            ; |alu_32|mux_8x1:mux|mux_2x1:mux7|mux_2x1_1bit:mux11             ; mux_2x1_1bit ; work         ;
;          |mux_2x1_1bit:mux12| ; 2 (2)               ; 0 (0)                     ; 0                 ; 0          ; 0    ; 0            ; |alu_32|mux_8x1:mux|mux_2x1:mux7|mux_2x1_1bit:mux12             ; mux_2x1_1bit ; work         ;
;          |mux_2x1_1bit:mux13| ; 2 (2)               ; 0 (0)                     ; 0                 ; 0          ; 0    ; 0            ; |alu_32|mux_8x1:mux|mux_2x1:mux7|mux_2x1_1bit:mux13             ; mux_2x1_1bit ; work         ;
;          |mux_2x1_1bit:mux14| ; 2 (2)               ; 0 (0)                     ; 0                 ; 0          ; 0    ; 0            ; |alu_32|mux_8x1:mux|mux_2x1:mux7|mux_2x1_1bit:mux14             ; mux_2x1_1bit ; work         ;
;          |mux_2x1_1bit:mux15| ; 2 (2)               ; 0 (0)                     ; 0                 ; 0          ; 0    ; 0            ; |alu_32|mux_8x1:mux|mux_2x1:mux7|mux_2x1_1bit:mux15             ; mux_2x1_1bit ; work         ;
;          |mux_2x1_1bit:mux16| ; 2 (2)               ; 0 (0)                     ; 0                 ; 0          ; 0    ; 0            ; |alu_32|mux_8x1:mux|mux_2x1:mux7|mux_2x1_1bit:mux16             ; mux_2x1_1bit ; work         ;
;          |mux_2x1_1bit:mux17| ; 2 (2)               ; 0 (0)                     ; 0                 ; 0          ; 0    ; 0            ; |alu_32|mux_8x1:mux|mux_2x1:mux7|mux_2x1_1bit:mux17             ; mux_2x1_1bit ; work         ;
;          |mux_2x1_1bit:mux18| ; 2 (2)               ; 0 (0)                     ; 0                 ; 0          ; 0    ; 0            ; |alu_32|mux_8x1:mux|mux_2x1:mux7|mux_2x1_1bit:mux18             ; mux_2x1_1bit ; work         ;
;          |mux_2x1_1bit:mux19| ; 2 (2)               ; 0 (0)                     ; 0                 ; 0          ; 0    ; 0            ; |alu_32|mux_8x1:mux|mux_2x1:mux7|mux_2x1_1bit:mux19             ; mux_2x1_1bit ; work         ;
;          |mux_2x1_1bit:mux20| ; 2 (2)               ; 0 (0)                     ; 0                 ; 0          ; 0    ; 0            ; |alu_32|mux_8x1:mux|mux_2x1:mux7|mux_2x1_1bit:mux20             ; mux_2x1_1bit ; work         ;
;          |mux_2x1_1bit:mux21| ; 2 (2)               ; 0 (0)                     ; 0                 ; 0          ; 0    ; 0            ; |alu_32|mux_8x1:mux|mux_2x1:mux7|mux_2x1_1bit:mux21             ; mux_2x1_1bit ; work         ;
;          |mux_2x1_1bit:mux22| ; 2 (2)               ; 0 (0)                     ; 0                 ; 0          ; 0    ; 0            ; |alu_32|mux_8x1:mux|mux_2x1:mux7|mux_2x1_1bit:mux22             ; mux_2x1_1bit ; work         ;
;          |mux_2x1_1bit:mux23| ; 2 (2)               ; 0 (0)                     ; 0                 ; 0          ; 0    ; 0            ; |alu_32|mux_8x1:mux|mux_2x1:mux7|mux_2x1_1bit:mux23             ; mux_2x1_1bit ; work         ;
;          |mux_2x1_1bit:mux24| ; 2 (2)               ; 0 (0)                     ; 0                 ; 0          ; 0    ; 0            ; |alu_32|mux_8x1:mux|mux_2x1:mux7|mux_2x1_1bit:mux24             ; mux_2x1_1bit ; work         ;
;          |mux_2x1_1bit:mux25| ; 2 (2)               ; 0 (0)                     ; 0                 ; 0          ; 0    ; 0            ; |alu_32|mux_8x1:mux|mux_2x1:mux7|mux_2x1_1bit:mux25             ; mux_2x1_1bit ; work         ;
;          |mux_2x1_1bit:mux26| ; 2 (2)               ; 0 (0)                     ; 0                 ; 0          ; 0    ; 0            ; |alu_32|mux_8x1:mux|mux_2x1:mux7|mux_2x1_1bit:mux26             ; mux_2x1_1bit ; work         ;
;          |mux_2x1_1bit:mux27| ; 2 (2)               ; 0 (0)                     ; 0                 ; 0          ; 0    ; 0            ; |alu_32|mux_8x1:mux|mux_2x1:mux7|mux_2x1_1bit:mux27             ; mux_2x1_1bit ; work         ;
;          |mux_2x1_1bit:mux28| ; 2 (2)               ; 0 (0)                     ; 0                 ; 0          ; 0    ; 0            ; |alu_32|mux_8x1:mux|mux_2x1:mux7|mux_2x1_1bit:mux28             ; mux_2x1_1bit ; work         ;
;          |mux_2x1_1bit:mux29| ; 2 (2)               ; 0 (0)                     ; 0                 ; 0          ; 0    ; 0            ; |alu_32|mux_8x1:mux|mux_2x1:mux7|mux_2x1_1bit:mux29             ; mux_2x1_1bit ; work         ;
;          |mux_2x1_1bit:mux2|  ; 2 (2)               ; 0 (0)                     ; 0                 ; 0          ; 0    ; 0            ; |alu_32|mux_8x1:mux|mux_2x1:mux7|mux_2x1_1bit:mux2              ; mux_2x1_1bit ; work         ;
;          |mux_2x1_1bit:mux30| ; 2 (2)               ; 0 (0)                     ; 0                 ; 0          ; 0    ; 0            ; |alu_32|mux_8x1:mux|mux_2x1:mux7|mux_2x1_1bit:mux30             ; mux_2x1_1bit ; work         ;
;          |mux_2x1_1bit:mux31| ; 2 (2)               ; 0 (0)                     ; 0                 ; 0          ; 0    ; 0            ; |alu_32|mux_8x1:mux|mux_2x1:mux7|mux_2x1_1bit:mux31             ; mux_2x1_1bit ; work         ;
;          |mux_2x1_1bit:mux3|  ; 2 (2)               ; 0 (0)                     ; 0                 ; 0          ; 0    ; 0            ; |alu_32|mux_8x1:mux|mux_2x1:mux7|mux_2x1_1bit:mux3              ; mux_2x1_1bit ; work         ;
;          |mux_2x1_1bit:mux4|  ; 2 (2)               ; 0 (0)                     ; 0                 ; 0          ; 0    ; 0            ; |alu_32|mux_8x1:mux|mux_2x1:mux7|mux_2x1_1bit:mux4              ; mux_2x1_1bit ; work         ;
;          |mux_2x1_1bit:mux5|  ; 2 (2)               ; 0 (0)                     ; 0                 ; 0          ; 0    ; 0            ; |alu_32|mux_8x1:mux|mux_2x1:mux7|mux_2x1_1bit:mux5              ; mux_2x1_1bit ; work         ;
;          |mux_2x1_1bit:mux6|  ; 2 (2)               ; 0 (0)                     ; 0                 ; 0          ; 0    ; 0            ; |alu_32|mux_8x1:mux|mux_2x1:mux7|mux_2x1_1bit:mux6              ; mux_2x1_1bit ; work         ;
;          |mux_2x1_1bit:mux7|  ; 2 (2)               ; 0 (0)                     ; 0                 ; 0          ; 0    ; 0            ; |alu_32|mux_8x1:mux|mux_2x1:mux7|mux_2x1_1bit:mux7              ; mux_2x1_1bit ; work         ;
;          |mux_2x1_1bit:mux8|  ; 2 (2)               ; 0 (0)                     ; 0                 ; 0          ; 0    ; 0            ; |alu_32|mux_8x1:mux|mux_2x1:mux7|mux_2x1_1bit:mux8              ; mux_2x1_1bit ; work         ;
;          |mux_2x1_1bit:mux9|  ; 2 (2)               ; 0 (0)                     ; 0                 ; 0          ; 0    ; 0            ; |alu_32|mux_8x1:mux|mux_2x1:mux7|mux_2x1_1bit:mux9              ; mux_2x1_1bit ; work         ;
;    |sub_32:subx|              ; 86 (0)              ; 0 (0)                     ; 0                 ; 0          ; 0    ; 0            ; |alu_32|sub_32:subx                                             ; sub_32       ; work         ;
;       |adder_32:adderx|       ; 86 (0)              ; 0 (0)                     ; 0                 ; 0          ; 0    ; 0            ; |alu_32|sub_32:subx|adder_32:adderx                             ; adder_32     ; work         ;
;          |adder_4:cla1|       ; 8 (8)               ; 0 (0)                     ; 0                 ; 0          ; 0    ; 0            ; |alu_32|sub_32:subx|adder_32:adderx|adder_4:cla1                ; adder_4      ; work         ;
;          |adder_4:cla2|       ; 11 (10)             ; 0 (0)                     ; 0                 ; 0          ; 0    ; 0            ; |alu_32|sub_32:subx|adder_32:adderx|adder_4:cla2                ; adder_4      ; work         ;
;             |or_4input:or_5|  ; 1 (1)               ; 0 (0)                     ; 0                 ; 0          ; 0    ; 0            ; |alu_32|sub_32:subx|adder_32:adderx|adder_4:cla2|or_4input:or_5 ; or_4input    ; work         ;
;          |adder_4:cla3|       ; 11 (10)             ; 0 (0)                     ; 0                 ; 0          ; 0    ; 0            ; |alu_32|sub_32:subx|adder_32:adderx|adder_4:cla3                ; adder_4      ; work         ;
;             |or_4input:or_5|  ; 1 (1)               ; 0 (0)                     ; 0                 ; 0          ; 0    ; 0            ; |alu_32|sub_32:subx|adder_32:adderx|adder_4:cla3|or_4input:or_5 ; or_4input    ; work         ;
;          |adder_4:cla4|       ; 10 (10)             ; 0 (0)                     ; 0                 ; 0          ; 0    ; 0            ; |alu_32|sub_32:subx|adder_32:adderx|adder_4:cla4                ; adder_4      ; work         ;
;          |adder_4:cla5|       ; 11 (11)             ; 0 (0)                     ; 0                 ; 0          ; 0    ; 0            ; |alu_32|sub_32:subx|adder_32:adderx|adder_4:cla5                ; adder_4      ; work         ;
;          |adder_4:cla6|       ; 12 (12)             ; 0 (0)                     ; 0                 ; 0          ; 0    ; 0            ; |alu_32|sub_32:subx|adder_32:adderx|adder_4:cla6                ; adder_4      ; work         ;
;          |adder_4:cla7|       ; 13 (13)             ; 0 (0)                     ; 0                 ; 0          ; 0    ; 0            ; |alu_32|sub_32:subx|adder_32:adderx|adder_4:cla7                ; adder_4      ; work         ;
;          |adder_4:cla8|       ; 10 (7)              ; 0 (0)                     ; 0                 ; 0          ; 0    ; 0            ; |alu_32|sub_32:subx|adder_32:adderx|adder_4:cla8                ; adder_4      ; work         ;
;             |or_4input:or_5|  ; 3 (3)               ; 0 (0)                     ; 0                 ; 0          ; 0    ; 0            ; |alu_32|sub_32:subx|adder_32:adderx|adder_4:cla8|or_4input:or_5 ; or_4input    ; work         ;
;    |xor_32:xorx|              ; 1 (1)               ; 0 (0)                     ; 0                 ; 0          ; 0    ; 0            ; |alu_32|xor_32:xorx                                             ; xor_32       ; work         ;
+-------------------------------+---------------------+---------------------------+-------------------+------------+------+--------------+-----------------------------------------------------------------+--------------+--------------+
Note: For table entries with two numbers listed, the numbers in parentheses indicate the number of resources of the given type used by the specific entity alone. The numbers listed outside of parentheses indicate the total resources of the given type used by the specific entity and all of its sub-entities in the hierarchy.


Encoding Type:  One-Hot
+---------------------------------------------------------------+
; State Machine - |alu_32|mod_32:modx|next_state                ;
+---------------+---------------+---------------+---------------+
; Name          ; next_state.S0 ; next_state.S2 ; next_state.S1 ;
+---------------+---------------+---------------+---------------+
; next_state.S0 ; 0             ; 0             ; 0             ;
; next_state.S1 ; 1             ; 0             ; 1             ;
; next_state.S2 ; 1             ; 1             ; 0             ;
+---------------+---------------+---------------+---------------+


Encoding Type:  One-Hot
+-------------------------------------------+
; State Machine - |alu_32|mod_32:modx|state ;
+----------+----------+----------+----------+
; Name     ; state.S0 ; state.S2 ; state.S1 ;
+----------+----------+----------+----------+
; state.S0 ; 0        ; 0        ; 0        ;
; state.S1 ; 1        ; 0        ; 1        ;
; state.S2 ; 1        ; 1        ; 0        ;
+----------+----------+----------+----------+


+------------------------------------------------------+
; General Register Statistics                          ;
+----------------------------------------------+-------+
; Statistic                                    ; Value ;
+----------------------------------------------+-------+
; Total registers                              ; 70    ;
; Number of registers using Synchronous Clear  ; 0     ;
; Number of registers using Synchronous Load   ; 32    ;
; Number of registers using Asynchronous Clear ; 0     ;
; Number of registers using Asynchronous Load  ; 0     ;
; Number of registers using Clock Enable       ; 64    ;
; Number of registers using Preset             ; 0     ;
+----------------------------------------------+-------+


+--------------------------------------------------------------------------------------------------------------------------------------------------------------------------+
; Multiplexer Restructuring Statistics (Restructuring Performed)                                                                                                           ;
+--------------------+-----------+---------------+----------------------+------------------------+------------+------------------------------------------------------------+
; Multiplexer Inputs ; Bus Width ; Baseline Area ; Area if Restructured ; Saving if Restructured ; Registered ; Example Multiplexer Output                                 ;
+--------------------+-----------+---------------+----------------------+------------------------+------------+------------------------------------------------------------+
; 3:1                ; 32 bits   ; 64 LEs        ; 0 LEs                ; 64 LEs                 ; Yes        ; |alu_32|mod_32:modx|temp[0]                                ;
; 8:1                ; 30 bits   ; 150 LEs       ; 150 LEs              ; 0 LEs                  ; No         ; |alu_32|mux_8x1:mux|mux_2x1:mux7|mux_2x1_1bit:mux31|result ;
+--------------------+-----------+---------------+----------------------+------------------------+------------+------------------------------------------------------------+


+----------------------------------------------------------+
; Parameter Settings for User Entity Instance: mod_32:modx ;
+----------------+-------+---------------------------------+
; Parameter Name ; Value ; Type                            ;
+----------------+-------+---------------------------------+
; S0             ; 0     ; Signed Integer                  ;
; S1             ; 1     ; Signed Integer                  ;
; S2             ; 2     ; Signed Integer                  ;
+----------------+-------+---------------------------------+
Note: In order to hide this table in the UI and the text report file, please set the "Show Parameter Settings in Synthesis Report" option in "Analysis and Synthesis Settings -> More Settings" to "Off".


+----------------------------------------------------------------------------------------------------------------+
; Port Connectivity Checks: "slt_32:sltx|adder_32:slt_func"                                                      ;
+------+--------+----------+-------------------------------------------------------------------------------------+
; Port ; Type   ; Severity ; Details                                                                             ;
+------+--------+----------+-------------------------------------------------------------------------------------+
; a    ; Input  ; Info     ; Stuck at GND                                                                        ;
; b    ; Input  ; Info     ; Stuck at GND                                                                        ;
; cout ; Output ; Info     ; Connected to dangling logic. Logic that only feeds a dangling port will be removed. ;
+------+--------+----------+-------------------------------------------------------------------------------------+


+-----------------------------------------------------------------------------------------------------------------------------------------------------+
; Port Connectivity Checks: "slt_32:sltx"                                                                                                             ;
+------+--------+----------+--------------------------------------------------------------------------------------------------------------------------+
; Port ; Type   ; Severity ; Details                                                                                                                  ;
+------+--------+----------+--------------------------------------------------------------------------------------------------------------------------+
; res  ; Output ; Warning  ; Output or bidir port (32 bits) is wider than the port expression (1 bits) it drives; bit(s) "res[31..1]" have no fanouts ;
+------+--------+----------+--------------------------------------------------------------------------------------------------------------------------+


+-----------------------------------------------------------------------------------------------------------------------------------------------------------------------------------------------------------------+
; Port Connectivity Checks: "adder_32:adderx"                                                                                                                                                                     ;
+---------+-------+----------+------------------------------------------------------------------------------------------------------------------------------------------------------------------------------------+
; Port    ; Type  ; Severity ; Details                                                                                                                                                                            ;
+---------+-------+----------+------------------------------------------------------------------------------------------------------------------------------------------------------------------------------------+
; cin     ; Input ; Warning  ; Input port expression (32 bits) is wider than the input port (1 bits) it drives.  The 31 most-significant bit(s) in the expression will be dangling if they have no other fanouts. ;
; cin[-1] ; Input ; Info     ; Stuck at GND                                                                                                                                                                       ;
+---------+-------+----------+------------------------------------------------------------------------------------------------------------------------------------------------------------------------------------+


+----------------------------------------------------------------------------------------------------------------------------------------------------------------------------------------------------------------+
; Port Connectivity Checks: "sub_32:subx|adder_32:adderx|adder_4:cla1|and_4input:and_9"                                                                                                                          ;
+--------+-------+----------+------------------------------------------------------------------------------------------------------------------------------------------------------------------------------------+
; Port   ; Type  ; Severity ; Details                                                                                                                                                                            ;
+--------+-------+----------+------------------------------------------------------------------------------------------------------------------------------------------------------------------------------------+
; a4     ; Input ; Warning  ; Input port expression (32 bits) is wider than the input port (1 bits) it drives.  The 31 most-significant bit(s) in the expression will be dangling if they have no other fanouts. ;
; a4[-1] ; Input ; Info     ; Stuck at VCC                                                                                                                                                                       ;
+--------+-------+----------+------------------------------------------------------------------------------------------------------------------------------------------------------------------------------------+


+----------------------------------------------------------------------------------------------------------------------------------------------------------------------------------------------------------------+
; Port Connectivity Checks: "sub_32:subx|adder_32:adderx|adder_4:cla1|and_4input:and_5"                                                                                                                          ;
+--------+-------+----------+------------------------------------------------------------------------------------------------------------------------------------------------------------------------------------+
; Port   ; Type  ; Severity ; Details                                                                                                                                                                            ;
+--------+-------+----------+------------------------------------------------------------------------------------------------------------------------------------------------------------------------------------+
; a4     ; Input ; Warning  ; Input port expression (32 bits) is wider than the input port (1 bits) it drives.  The 31 most-significant bit(s) in the expression will be dangling if they have no other fanouts. ;
; a4[-1] ; Input ; Info     ; Stuck at VCC                                                                                                                                                                       ;
+--------+-------+----------+------------------------------------------------------------------------------------------------------------------------------------------------------------------------------------+


+----------------------------------------------------------------------------------------------------------------------------------------------------------------------------------------------------------------+
; Port Connectivity Checks: "sub_32:subx|adder_32:adderx|adder_4:cla1|or_4input:or_3"                                                                                                                            ;
+--------+-------+----------+------------------------------------------------------------------------------------------------------------------------------------------------------------------------------------+
; Port   ; Type  ; Severity ; Details                                                                                                                                                                            ;
+--------+-------+----------+------------------------------------------------------------------------------------------------------------------------------------------------------------------------------------+
; a4     ; Input ; Warning  ; Input port expression (32 bits) is wider than the input port (1 bits) it drives.  The 31 most-significant bit(s) in the expression will be dangling if they have no other fanouts. ;
; a4[-1] ; Input ; Info     ; Stuck at GND                                                                                                                                                                       ;
+--------+-------+----------+------------------------------------------------------------------------------------------------------------------------------------------------------------------------------------+


+----------------------------------------------------------------------------------------------------------------------------------------------------------------------------------------------------------------+
; Port Connectivity Checks: "sub_32:subx|adder_32:adderx|adder_4:cla1|and_4input:and_3"                                                                                                                          ;
+--------+-------+----------+------------------------------------------------------------------------------------------------------------------------------------------------------------------------------------+
; Port   ; Type  ; Severity ; Details                                                                                                                                                                            ;
+--------+-------+----------+------------------------------------------------------------------------------------------------------------------------------------------------------------------------------------+
; a4     ; Input ; Warning  ; Input port expression (32 bits) is wider than the input port (1 bits) it drives.  The 31 most-significant bit(s) in the expression will be dangling if they have no other fanouts. ;
; a4[-1] ; Input ; Info     ; Stuck at VCC                                                                                                                                                                       ;
+--------+-------+----------+------------------------------------------------------------------------------------------------------------------------------------------------------------------------------------+


+---------------------------------------------------------+
; Port Connectivity Checks: "sub_32:subx|adder_32:adderx" ;
+------+-------+----------+-------------------------------+
; Port ; Type  ; Severity ; Details                       ;
+------+-------+----------+-------------------------------+
; cin  ; Input ; Info     ; Stuck at VCC                  ;
+------+-------+----------+-------------------------------+


+--------------------------------------------------------------------------------------------------------------------+
; Port Connectivity Checks: "sub_32:subx"                                                                            ;
+----------+--------+----------+-------------------------------------------------------------------------------------+
; Port     ; Type   ; Severity ; Details                                                                             ;
+----------+--------+----------+-------------------------------------------------------------------------------------+
; Cout     ; Output ; Info     ; Connected to dangling logic. Logic that only feeds a dangling port will be removed. ;
; CnMinus1 ; Output ; Info     ; Connected to dangling logic. Logic that only feeds a dangling port will be removed. ;
+----------+--------+----------+-------------------------------------------------------------------------------------+


+-----------------------------------------------------+
; Post-Synthesis Netlist Statistics for Top Partition ;
+-----------------------+-----------------------------+
; Type                  ; Count                       ;
+-----------------------+-----------------------------+
; arriav_ff             ; 70                          ;
;     ENA               ; 32                          ;
;     ENA SLD           ; 32                          ;
;     plain             ; 6                           ;
; arriav_lcell_comb     ; 285                         ;
;     extend            ; 10                          ;
;         7 data inputs ; 10                          ;
;     normal            ; 243                         ;
;         2 data inputs ; 34                          ;
;         3 data inputs ; 20                          ;
;         4 data inputs ; 76                          ;
;         5 data inputs ; 21                          ;
;         6 data inputs ; 92                          ;
;     shared            ; 32                          ;
;         2 data inputs ; 32                          ;
; boundary_port         ; 101                         ;
;                       ;                             ;
; Max LUT depth         ; 11.00                       ;
; Average LUT depth     ; 6.53                        ;
+-----------------------+-----------------------------+


+-------------------------------+
; Elapsed Time Per Partition    ;
+----------------+--------------+
; Partition Name ; Elapsed Time ;
+----------------+--------------+
; Top            ; 00:00:01     ;
+----------------+--------------+


+-------------------------------+
; Analysis & Synthesis Messages ;
+-------------------------------+
Info: *******************************************************************
Info: Running Quartus Prime Analysis & Synthesis
    Info: Version 20.1.1 Build 720 11/11/2020 SJ Lite Edition
    Info: Processing started: Sun Dec 10 23:50:33 2023
Info: Command: quartus_map --read_settings_files=on --write_settings_files=off 200104004005_AbdullahEnes_Patir -c 200104004005_AbdullahEnes_Patir
Warning (18236): Number of processors has not been specified which may cause overloading on shared machines.  Set the global assignment NUM_PARALLEL_PROCESSORS in your QSF to an appropriate value for best performance.
Info (20030): Parallel compilation is enabled and will use 8 of the 8 processors detected
Info (12021): Found 4 design units, including 4 entities, in source file files/adder_32.v
    Info (12023): Found entity 1: adder_32 File: C:/Users/abdul/OneDrive/HW2/files/adder_32.v Line: 2
    Info (12023): Found entity 2: adder_4 File: C:/Users/abdul/OneDrive/HW2/files/adder_32.v Line: 24
    Info (12023): Found entity 3: or_4input File: C:/Users/abdul/OneDrive/HW2/files/adder_32.v Line: 87
    Info (12023): Found entity 4: and_4input File: C:/Users/abdul/OneDrive/HW2/files/adder_32.v Line: 100
Info (12021): Found 2 design units, including 2 entities, in source file files/sub_32.v
    Info (12023): Found entity 1: sub_32 File: C:/Users/abdul/OneDrive/HW2/files/sub_32.v Line: 1
    Info (12023): Found entity 2: not_32 File: C:/Users/abdul/OneDrive/HW2/files/sub_32.v Line: 26
Info (12021): Found 1 design units, including 1 entities, in source file files/and_32.v
    Info (12023): Found entity 1: and_32 File: C:/Users/abdul/OneDrive/HW2/files/and_32.v Line: 1
Info (12021): Found 1 design units, including 1 entities, in source file files/or_32.v
    Info (12023): Found entity 1: or_32 File: C:/Users/abdul/OneDrive/HW2/files/or_32.v Line: 1
Info (12021): Found 1 design units, including 1 entities, in source file files/xor_32.v
    Info (12023): Found entity 1: xor_32 File: C:/Users/abdul/OneDrive/HW2/files/xor_32.v Line: 1
Info (12021): Found 3 design units, including 3 entities, in source file files/mux_8x1.v
    Info (12023): Found entity 1: mux_8x1 File: C:/Users/abdul/OneDrive/HW2/files/mux_8x1.v Line: 1
    Info (12023): Found entity 2: mux_2x1 File: C:/Users/abdul/OneDrive/HW2/files/mux_8x1.v Line: 27
    Info (12023): Found entity 3: mux_2x1_1bit File: C:/Users/abdul/OneDrive/HW2/files/mux_8x1.v Line: 76
Info (12021): Found 1 design units, including 1 entities, in source file files/nor_32.v
    Info (12023): Found entity 1: nor_32 File: C:/Users/abdul/OneDrive/HW2/files/nor_32.v Line: 1
Info (12021): Found 1 design units, including 1 entities, in source file files/mod_32.v
    Info (12023): Found entity 1: mod_32 File: C:/Users/abdul/OneDrive/HW2/files/mod_32.v Line: 1
Info (12021): Found 1 design units, including 1 entities, in source file files/slt_32.v
    Info (12023): Found entity 1: slt_32 File: C:/Users/abdul/OneDrive/HW2/files/slt_32.v Line: 1
Info (12021): Found 1 design units, including 1 entities, in source file files/testbench.v
    Info (12023): Found entity 1: testbench File: C:/Users/abdul/OneDrive/HW2/files/testbench.v Line: 3
Info (12021): Found 1 design units, including 1 entities, in source file files/alu_32.v
    Info (12023): Found entity 1: alu_32 File: C:/Users/abdul/OneDrive/HW2/files/alu_32.v Line: 1
Warning (10236): Verilog HDL Implicit Net warning at adder_32.v(46): created implicit net for "a1" File: C:/Users/abdul/OneDrive/HW2/files/adder_32.v Line: 46
Warning (10236): Verilog HDL Implicit Net warning at adder_32.v(49): created implicit net for "a2" File: C:/Users/abdul/OneDrive/HW2/files/adder_32.v Line: 49
Warning (10236): Verilog HDL Implicit Net warning at adder_32.v(50): created implicit net for "a3" File: C:/Users/abdul/OneDrive/HW2/files/adder_32.v Line: 50
Warning (10236): Verilog HDL Implicit Net warning at adder_32.v(54): created implicit net for "a4" File: C:/Users/abdul/OneDrive/HW2/files/adder_32.v Line: 54
Warning (10236): Verilog HDL Implicit Net warning at adder_32.v(55): created implicit net for "a5" File: C:/Users/abdul/OneDrive/HW2/files/adder_32.v Line: 55
Warning (10236): Verilog HDL Implicit Net warning at adder_32.v(56): created implicit net for "a6" File: C:/Users/abdul/OneDrive/HW2/files/adder_32.v Line: 56
Warning (10236): Verilog HDL Implicit Net warning at adder_32.v(60): created implicit net for "a7" File: C:/Users/abdul/OneDrive/HW2/files/adder_32.v Line: 60
Warning (10236): Verilog HDL Implicit Net warning at adder_32.v(61): created implicit net for "a8" File: C:/Users/abdul/OneDrive/HW2/files/adder_32.v Line: 61
Warning (10236): Verilog HDL Implicit Net warning at adder_32.v(62): created implicit net for "a9" File: C:/Users/abdul/OneDrive/HW2/files/adder_32.v Line: 62
Warning (10236): Verilog HDL Implicit Net warning at adder_32.v(63): created implicit net for "a10" File: C:/Users/abdul/OneDrive/HW2/files/adder_32.v Line: 63
Warning (10236): Verilog HDL Implicit Net warning at adder_32.v(64): created implicit net for "a11" File: C:/Users/abdul/OneDrive/HW2/files/adder_32.v Line: 64
Warning (10236): Verilog HDL Implicit Net warning at adder_32.v(65): created implicit net for "a12" File: C:/Users/abdul/OneDrive/HW2/files/adder_32.v Line: 65
Info (12127): Elaborating entity "alu_32" for the top level hierarchy
Info (12128): Elaborating entity "sub_32" for hierarchy "sub_32:subx" File: C:/Users/abdul/OneDrive/HW2/files/alu_32.v Line: 12
Warning (10034): Output port "CnMinus1" at sub_32.v(6) has no driver File: C:/Users/abdul/OneDrive/HW2/files/sub_32.v Line: 6
Info (12128): Elaborating entity "not_32" for hierarchy "sub_32:subx|not_32:notx" File: C:/Users/abdul/OneDrive/HW2/files/sub_32.v Line: 10
Info (12128): Elaborating entity "adder_32" for hierarchy "sub_32:subx|adder_32:adderx" File: C:/Users/abdul/OneDrive/HW2/files/sub_32.v Line: 11
Info (12128): Elaborating entity "adder_4" for hierarchy "sub_32:subx|adder_32:adderx|adder_4:cla1" File: C:/Users/abdul/OneDrive/HW2/files/adder_32.v Line: 9
Warning (10739): Verilog HDL warning at adder_32.v(44): actual bit length 32 differs from formal bit length 1 File: C:/Users/abdul/OneDrive/HW2/files/adder_32.v Line: 44
Info (12128): Elaborating entity "and_4input" for hierarchy "sub_32:subx|adder_32:adderx|adder_4:cla1|and_4input:and_3" File: C:/Users/abdul/OneDrive/HW2/files/adder_32.v Line: 50
Info (12128): Elaborating entity "or_4input" for hierarchy "sub_32:subx|adder_32:adderx|adder_4:cla1|or_4input:or_3" File: C:/Users/abdul/OneDrive/HW2/files/adder_32.v Line: 51
Info (12128): Elaborating entity "and_32" for hierarchy "and_32:andx" File: C:/Users/abdul/OneDrive/HW2/files/alu_32.v Line: 13
Info (12128): Elaborating entity "nor_32" for hierarchy "nor_32:norx" File: C:/Users/abdul/OneDrive/HW2/files/alu_32.v Line: 15
Info (12128): Elaborating entity "mod_32" for hierarchy "mod_32:modx" File: C:/Users/abdul/OneDrive/HW2/files/alu_32.v Line: 16
Info (12128): Elaborating entity "or_32" for hierarchy "or_32:orx" File: C:/Users/abdul/OneDrive/HW2/files/alu_32.v Line: 17
Info (12128): Elaborating entity "xor_32" for hierarchy "xor_32:xorx" File: C:/Users/abdul/OneDrive/HW2/files/alu_32.v Line: 18
Info (12128): Elaborating entity "slt_32" for hierarchy "slt_32:sltx" File: C:/Users/abdul/OneDrive/HW2/files/alu_32.v Line: 19
Info (12128): Elaborating entity "mux_8x1" for hierarchy "mux_8x1:mux" File: C:/Users/abdul/OneDrive/HW2/files/alu_32.v Line: 21
Info (12128): Elaborating entity "mux_2x1" for hierarchy "mux_8x1:mux|mux_2x1:mux1" File: C:/Users/abdul/OneDrive/HW2/files/mux_8x1.v Line: 8
Info (12128): Elaborating entity "mux_2x1_1bit" for hierarchy "mux_8x1:mux|mux_2x1:mux1|mux_2x1_1bit:mux1" File: C:/Users/abdul/OneDrive/HW2/files/mux_8x1.v Line: 33
Warning (12020): Port "ordered port 4" on the entity instantiation of "and_9" is connected to a signal of width 32. The formal width of the signal in the module is 1.  The extra bits will be ignored. File: C:/Users/abdul/OneDrive/HW2/files/adder_32.v Line: 61
Warning (12020): Port "ordered port 4" on the entity instantiation of "and_5" is connected to a signal of width 32. The formal width of the signal in the module is 1.  The extra bits will be ignored. File: C:/Users/abdul/OneDrive/HW2/files/adder_32.v Line: 55
Warning (12020): Port "ordered port 4" on the entity instantiation of "or_3" is connected to a signal of width 32. The formal width of the signal in the module is 1.  The extra bits will be ignored. File: C:/Users/abdul/OneDrive/HW2/files/adder_32.v Line: 51
Warning (12020): Port "ordered port 4" on the entity instantiation of "and_3" is connected to a signal of width 32. The formal width of the signal in the module is 1.  The extra bits will be ignored. File: C:/Users/abdul/OneDrive/HW2/files/adder_32.v Line: 50
Warning (12020): Port "ordered port 4" on the entity instantiation of "and_9" is connected to a signal of width 32. The formal width of the signal in the module is 1.  The extra bits will be ignored. File: C:/Users/abdul/OneDrive/HW2/files/adder_32.v Line: 61
Warning (12020): Port "ordered port 4" on the entity instantiation of "and_5" is connected to a signal of width 32. The formal width of the signal in the module is 1.  The extra bits will be ignored. File: C:/Users/abdul/OneDrive/HW2/files/adder_32.v Line: 55
Warning (12020): Port "ordered port 4" on the entity instantiation of "or_3" is connected to a signal of width 32. The formal width of the signal in the module is 1.  The extra bits will be ignored. File: C:/Users/abdul/OneDrive/HW2/files/adder_32.v Line: 51
Warning (12020): Port "ordered port 4" on the entity instantiation of "and_3" is connected to a signal of width 32. The formal width of the signal in the module is 1.  The extra bits will be ignored. File: C:/Users/abdul/OneDrive/HW2/files/adder_32.v Line: 50
Warning (12020): Port "ordered port 4" on the entity instantiation of "and_9" is connected to a signal of width 32. The formal width of the signal in the module is 1.  The extra bits will be ignored. File: C:/Users/abdul/OneDrive/HW2/files/adder_32.v Line: 61
Warning (12020): Port "ordered port 4" on the entity instantiation of "and_5" is connected to a signal of width 32. The formal width of the signal in the module is 1.  The extra bits will be ignored. File: C:/Users/abdul/OneDrive/HW2/files/adder_32.v Line: 55
Warning (12020): Port "ordered port 4" on the entity instantiation of "or_3" is connected to a signal of width 32. The formal width of the signal in the module is 1.  The extra bits will be ignored. File: C:/Users/abdul/OneDrive/HW2/files/adder_32.v Line: 51
Warning (12020): Port "ordered port 4" on the entity instantiation of "and_3" is connected to a signal of width 32. The formal width of the signal in the module is 1.  The extra bits will be ignored. File: C:/Users/abdul/OneDrive/HW2/files/adder_32.v Line: 50
Warning (12020): Port "ordered port 4" on the entity instantiation of "and_9" is connected to a signal of width 32. The formal width of the signal in the module is 1.  The extra bits will be ignored. File: C:/Users/abdul/OneDrive/HW2/files/adder_32.v Line: 61
Warning (12020): Port "ordered port 4" on the entity instantiation of "and_5" is connected to a signal of width 32. The formal width of the signal in the module is 1.  The extra bits will be ignored. File: C:/Users/abdul/OneDrive/HW2/files/adder_32.v Line: 55
Warning (12020): Port "ordered port 4" on the entity instantiation of "or_3" is connected to a signal of width 32. The formal width of the signal in the module is 1.  The extra bits will be ignored. File: C:/Users/abdul/OneDrive/HW2/files/adder_32.v Line: 51
Warning (12020): Port "ordered port 4" on the entity instantiation of "and_3" is connected to a signal of width 32. The formal width of the signal in the module is 1.  The extra bits will be ignored. File: C:/Users/abdul/OneDrive/HW2/files/adder_32.v Line: 50
Warning (12020): Port "ordered port 4" on the entity instantiation of "and_9" is connected to a signal of width 32. The formal width of the signal in the module is 1.  The extra bits will be ignored. File: C:/Users/abdul/OneDrive/HW2/files/adder_32.v Line: 61
Warning (12020): Port "ordered port 4" on the entity instantiation of "and_5" is connected to a signal of width 32. The formal width of the signal in the module is 1.  The extra bits will be ignored. File: C:/Users/abdul/OneDrive/HW2/files/adder_32.v Line: 55
Warning (12020): Port "ordered port 4" on the entity instantiation of "or_3" is connected to a signal of width 32. The formal width of the signal in the module is 1.  The extra bits will be ignored. File: C:/Users/abdul/OneDrive/HW2/files/adder_32.v Line: 51
Warning (12020): Port "ordered port 4" on the entity instantiation of "and_3" is connected to a signal of width 32. The formal width of the signal in the module is 1.  The extra bits will be ignored. File: C:/Users/abdul/OneDrive/HW2/files/adder_32.v Line: 50
Warning (12020): Port "ordered port 4" on the entity instantiation of "and_9" is connected to a signal of width 32. The formal width of the signal in the module is 1.  The extra bits will be ignored. File: C:/Users/abdul/OneDrive/HW2/files/adder_32.v Line: 61
Warning (12020): Port "ordered port 4" on the entity instantiation of "and_5" is connected to a signal of width 32. The formal width of the signal in the module is 1.  The extra bits will be ignored. File: C:/Users/abdul/OneDrive/HW2/files/adder_32.v Line: 55
Warning (12020): Port "ordered port 4" on the entity instantiation of "or_3" is connected to a signal of width 32. The formal width of the signal in the module is 1.  The extra bits will be ignored. File: C:/Users/abdul/OneDrive/HW2/files/adder_32.v Line: 51
Warning (12020): Port "ordered port 4" on the entity instantiation of "and_3" is connected to a signal of width 32. The formal width of the signal in the module is 1.  The extra bits will be ignored. File: C:/Users/abdul/OneDrive/HW2/files/adder_32.v Line: 50
Warning (12020): Port "ordered port 4" on the entity instantiation of "and_9" is connected to a signal of width 32. The formal width of the signal in the module is 1.  The extra bits will be ignored. File: C:/Users/abdul/OneDrive/HW2/files/adder_32.v Line: 61
Warning (12020): Port "ordered port 4" on the entity instantiation of "and_5" is connected to a signal of width 32. The formal width of the signal in the module is 1.  The extra bits will be ignored. File: C:/Users/abdul/OneDrive/HW2/files/adder_32.v Line: 55
Warning (12020): Port "ordered port 4" on the entity instantiation of "or_3" is connected to a signal of width 32. The formal width of the signal in the module is 1.  The extra bits will be ignored. File: C:/Users/abdul/OneDrive/HW2/files/adder_32.v Line: 51
Warning (12020): Port "ordered port 4" on the entity instantiation of "and_3" is connected to a signal of width 32. The formal width of the signal in the module is 1.  The extra bits will be ignored. File: C:/Users/abdul/OneDrive/HW2/files/adder_32.v Line: 50
Warning (12020): Port "ordered port 4" on the entity instantiation of "and_9" is connected to a signal of width 32. The formal width of the signal in the module is 1.  The extra bits will be ignored. File: C:/Users/abdul/OneDrive/HW2/files/adder_32.v Line: 61
Warning (12020): Port "ordered port 4" on the entity instantiation of "and_5" is connected to a signal of width 32. The formal width of the signal in the module is 1.  The extra bits will be ignored. File: C:/Users/abdul/OneDrive/HW2/files/adder_32.v Line: 55
Warning (12020): Port "ordered port 4" on the entity instantiation of "or_3" is connected to a signal of width 32. The formal width of the signal in the module is 1.  The extra bits will be ignored. File: C:/Users/abdul/OneDrive/HW2/files/adder_32.v Line: 51
Warning (12020): Port "ordered port 4" on the entity instantiation of "and_3" is connected to a signal of width 32. The formal width of the signal in the module is 1.  The extra bits will be ignored. File: C:/Users/abdul/OneDrive/HW2/files/adder_32.v Line: 50
Warning (12020): Port "ordered port 4" on the entity instantiation of "and_9" is connected to a signal of width 32. The formal width of the signal in the module is 1.  The extra bits will be ignored. File: C:/Users/abdul/OneDrive/HW2/files/adder_32.v Line: 61
Warning (12020): Port "ordered port 4" on the entity instantiation of "and_5" is connected to a signal of width 32. The formal width of the signal in the module is 1.  The extra bits will be ignored. File: C:/Users/abdul/OneDrive/HW2/files/adder_32.v Line: 55
Warning (12020): Port "ordered port 4" on the entity instantiation of "or_3" is connected to a signal of width 32. The formal width of the signal in the module is 1.  The extra bits will be ignored. File: C:/Users/abdul/OneDrive/HW2/files/adder_32.v Line: 51
Warning (12020): Port "ordered port 4" on the entity instantiation of "and_3" is connected to a signal of width 32. The formal width of the signal in the module is 1.  The extra bits will be ignored. File: C:/Users/abdul/OneDrive/HW2/files/adder_32.v Line: 50
Warning (12020): Port "ordered port 4" on the entity instantiation of "and_9" is connected to a signal of width 32. The formal width of the signal in the module is 1.  The extra bits will be ignored. File: C:/Users/abdul/OneDrive/HW2/files/adder_32.v Line: 61
Warning (12020): Port "ordered port 4" on the entity instantiation of "and_5" is connected to a signal of width 32. The formal width of the signal in the module is 1.  The extra bits will be ignored. File: C:/Users/abdul/OneDrive/HW2/files/adder_32.v Line: 55
Warning (12020): Port "ordered port 4" on the entity instantiation of "or_3" is connected to a signal of width 32. The formal width of the signal in the module is 1.  The extra bits will be ignored. File: C:/Users/abdul/OneDrive/HW2/files/adder_32.v Line: 51
Warning (12020): Port "ordered port 4" on the entity instantiation of "and_3" is connected to a signal of width 32. The formal width of the signal in the module is 1.  The extra bits will be ignored. File: C:/Users/abdul/OneDrive/HW2/files/adder_32.v Line: 50
Warning (12020): Port "ordered port 4" on the entity instantiation of "and_9" is connected to a signal of width 32. The formal width of the signal in the module is 1.  The extra bits will be ignored. File: C:/Users/abdul/OneDrive/HW2/files/adder_32.v Line: 61
Warning (12020): Port "ordered port 4" on the entity instantiation of "and_5" is connected to a signal of width 32. The formal width of the signal in the module is 1.  The extra bits will be ignored. File: C:/Users/abdul/OneDrive/HW2/files/adder_32.v Line: 55
Warning (12020): Port "ordered port 4" on the entity instantiation of "or_3" is connected to a signal of width 32. The formal width of the signal in the module is 1.  The extra bits will be ignored. File: C:/Users/abdul/OneDrive/HW2/files/adder_32.v Line: 51
Warning (12020): Port "ordered port 4" on the entity instantiation of "and_3" is connected to a signal of width 32. The formal width of the signal in the module is 1.  The extra bits will be ignored. File: C:/Users/abdul/OneDrive/HW2/files/adder_32.v Line: 50
Warning (12020): Port "ordered port 4" on the entity instantiation of "and_9" is connected to a signal of width 32. The formal width of the signal in the module is 1.  The extra bits will be ignored. File: C:/Users/abdul/OneDrive/HW2/files/adder_32.v Line: 61
Warning (12020): Port "ordered port 4" on the entity instantiation of "and_5" is connected to a signal of width 32. The formal width of the signal in the module is 1.  The extra bits will be ignored. File: C:/Users/abdul/OneDrive/HW2/files/adder_32.v Line: 55
Warning (12020): Port "ordered port 4" on the entity instantiation of "or_3" is connected to a signal of width 32. The formal width of the signal in the module is 1.  The extra bits will be ignored. File: C:/Users/abdul/OneDrive/HW2/files/adder_32.v Line: 51
Warning (12020): Port "ordered port 4" on the entity instantiation of "and_3" is connected to a signal of width 32. The formal width of the signal in the module is 1.  The extra bits will be ignored. File: C:/Users/abdul/OneDrive/HW2/files/adder_32.v Line: 50
Warning (12020): Port "ordered port 4" on the entity instantiation of "and_9" is connected to a signal of width 32. The formal width of the signal in the module is 1.  The extra bits will be ignored. File: C:/Users/abdul/OneDrive/HW2/files/adder_32.v Line: 61
Warning (12020): Port "ordered port 4" on the entity instantiation of "and_5" is connected to a signal of width 32. The formal width of the signal in the module is 1.  The extra bits will be ignored. File: C:/Users/abdul/OneDrive/HW2/files/adder_32.v Line: 55
Warning (12020): Port "ordered port 4" on the entity instantiation of "or_3" is connected to a signal of width 32. The formal width of the signal in the module is 1.  The extra bits will be ignored. File: C:/Users/abdul/OneDrive/HW2/files/adder_32.v Line: 51
Warning (12020): Port "ordered port 4" on the entity instantiation of "and_3" is connected to a signal of width 32. The formal width of the signal in the module is 1.  The extra bits will be ignored. File: C:/Users/abdul/OneDrive/HW2/files/adder_32.v Line: 50
Warning (12020): Port "ordered port 4" on the entity instantiation of "and_9" is connected to a signal of width 32. The formal width of the signal in the module is 1.  The extra bits will be ignored. File: C:/Users/abdul/OneDrive/HW2/files/adder_32.v Line: 61
Warning (12020): Port "ordered port 4" on the entity instantiation of "and_5" is connected to a signal of width 32. The formal width of the signal in the module is 1.  The extra bits will be ignored. File: C:/Users/abdul/OneDrive/HW2/files/adder_32.v Line: 55
Warning (12020): Port "ordered port 4" on the entity instantiation of "or_3" is connected to a signal of width 32. The formal width of the signal in the module is 1.  The extra bits will be ignored. File: C:/Users/abdul/OneDrive/HW2/files/adder_32.v Line: 51
Warning (12020): Port "ordered port 4" on the entity instantiation of "and_3" is connected to a signal of width 32. The formal width of the signal in the module is 1.  The extra bits will be ignored. File: C:/Users/abdul/OneDrive/HW2/files/adder_32.v Line: 50
Warning (12020): Port "ordered port 4" on the entity instantiation of "and_9" is connected to a signal of width 32. The formal width of the signal in the module is 1.  The extra bits will be ignored. File: C:/Users/abdul/OneDrive/HW2/files/adder_32.v Line: 61
Warning (12020): Port "ordered port 4" on the entity instantiation of "and_5" is connected to a signal of width 32. The formal width of the signal in the module is 1.  The extra bits will be ignored. File: C:/Users/abdul/OneDrive/HW2/files/adder_32.v Line: 55
Warning (12020): Port "ordered port 4" on the entity instantiation of "or_3" is connected to a signal of width 32. The formal width of the signal in the module is 1.  The extra bits will be ignored. File: C:/Users/abdul/OneDrive/HW2/files/adder_32.v Line: 51
Warning (12020): Port "ordered port 4" on the entity instantiation of "and_3" is connected to a signal of width 32. The formal width of the signal in the module is 1.  The extra bits will be ignored. File: C:/Users/abdul/OneDrive/HW2/files/adder_32.v Line: 50
Warning (12020): Port "ordered port 4" on the entity instantiation of "and_9" is connected to a signal of width 32. The formal width of the signal in the module is 1.  The extra bits will be ignored. File: C:/Users/abdul/OneDrive/HW2/files/adder_32.v Line: 61
Warning (12020): Port "ordered port 4" on the entity instantiation of "and_5" is connected to a signal of width 32. The formal width of the signal in the module is 1.  The extra bits will be ignored. File: C:/Users/abdul/OneDrive/HW2/files/adder_32.v Line: 55
Warning (12020): Port "ordered port 4" on the entity instantiation of "or_3" is connected to a signal of width 32. The formal width of the signal in the module is 1.  The extra bits will be ignored. File: C:/Users/abdul/OneDrive/HW2/files/adder_32.v Line: 51
Warning (12020): Port "ordered port 4" on the entity instantiation of "and_3" is connected to a signal of width 32. The formal width of the signal in the module is 1.  The extra bits will be ignored. File: C:/Users/abdul/OneDrive/HW2/files/adder_32.v Line: 50
Warning (12020): Port "ordered port 4" on the entity instantiation of "and_9" is connected to a signal of width 32. The formal width of the signal in the module is 1.  The extra bits will be ignored. File: C:/Users/abdul/OneDrive/HW2/files/adder_32.v Line: 61
Warning (12020): Port "ordered port 4" on the entity instantiation of "and_5" is connected to a signal of width 32. The formal width of the signal in the module is 1.  The extra bits will be ignored. File: C:/Users/abdul/OneDrive/HW2/files/adder_32.v Line: 55
Warning (12020): Port "ordered port 4" on the entity instantiation of "or_3" is connected to a signal of width 32. The formal width of the signal in the module is 1.  The extra bits will be ignored. File: C:/Users/abdul/OneDrive/HW2/files/adder_32.v Line: 51
Warning (12020): Port "ordered port 4" on the entity instantiation of "and_3" is connected to a signal of width 32. The formal width of the signal in the module is 1.  The extra bits will be ignored. File: C:/Users/abdul/OneDrive/HW2/files/adder_32.v Line: 50
Warning (12020): Port "ordered port 4" on the entity instantiation of "and_9" is connected to a signal of width 32. The formal width of the signal in the module is 1.  The extra bits will be ignored. File: C:/Users/abdul/OneDrive/HW2/files/adder_32.v Line: 61
Warning (12020): Port "ordered port 4" on the entity instantiation of "and_5" is connected to a signal of width 32. The formal width of the signal in the module is 1.  The extra bits will be ignored. File: C:/Users/abdul/OneDrive/HW2/files/adder_32.v Line: 55
Warning (12020): Port "ordered port 4" on the entity instantiation of "or_3" is connected to a signal of width 32. The formal width of the signal in the module is 1.  The extra bits will be ignored. File: C:/Users/abdul/OneDrive/HW2/files/adder_32.v Line: 51
Warning (12020): Port "ordered port 4" on the entity instantiation of "and_3" is connected to a signal of width 32. The formal width of the signal in the module is 1.  The extra bits will be ignored. File: C:/Users/abdul/OneDrive/HW2/files/adder_32.v Line: 50
Warning (12020): Port "ordered port 4" on the entity instantiation of "and_9" is connected to a signal of width 32. The formal width of the signal in the module is 1.  The extra bits will be ignored. File: C:/Users/abdul/OneDrive/HW2/files/adder_32.v Line: 61
Warning (12020): Port "ordered port 4" on the entity instantiation of "and_5" is connected to a signal of width 32. The formal width of the signal in the module is 1.  The extra bits will be ignored. File: C:/Users/abdul/OneDrive/HW2/files/adder_32.v Line: 55
Warning (12020): Port "ordered port 4" on the entity instantiation of "or_3" is connected to a signal of width 32. The formal width of the signal in the module is 1.  The extra bits will be ignored. File: C:/Users/abdul/OneDrive/HW2/files/adder_32.v Line: 51
Warning (12020): Port "ordered port 4" on the entity instantiation of "and_3" is connected to a signal of width 32. The formal width of the signal in the module is 1.  The extra bits will be ignored. File: C:/Users/abdul/OneDrive/HW2/files/adder_32.v Line: 50
Warning (12020): Port "ordered port 4" on the entity instantiation of "and_9" is connected to a signal of width 32. The formal width of the signal in the module is 1.  The extra bits will be ignored. File: C:/Users/abdul/OneDrive/HW2/files/adder_32.v Line: 61
Warning (12020): Port "ordered port 4" on the entity instantiation of "and_5" is connected to a signal of width 32. The formal width of the signal in the module is 1.  The extra bits will be ignored. File: C:/Users/abdul/OneDrive/HW2/files/adder_32.v Line: 55
Warning (12020): Port "ordered port 4" on the entity instantiation of "or_3" is connected to a signal of width 32. The formal width of the signal in the module is 1.  The extra bits will be ignored. File: C:/Users/abdul/OneDrive/HW2/files/adder_32.v Line: 51
Warning (12020): Port "ordered port 4" on the entity instantiation of "and_3" is connected to a signal of width 32. The formal width of the signal in the module is 1.  The extra bits will be ignored. File: C:/Users/abdul/OneDrive/HW2/files/adder_32.v Line: 50
Warning (12020): Port "ordered port 4" on the entity instantiation of "and_9" is connected to a signal of width 32. The formal width of the signal in the module is 1.  The extra bits will be ignored. File: C:/Users/abdul/OneDrive/HW2/files/adder_32.v Line: 61
Warning (12020): Port "ordered port 4" on the entity instantiation of "and_5" is connected to a signal of width 32. The formal width of the signal in the module is 1.  The extra bits will be ignored. File: C:/Users/abdul/OneDrive/HW2/files/adder_32.v Line: 55
Warning (12020): Port "ordered port 4" on the entity instantiation of "or_3" is connected to a signal of width 32. The formal width of the signal in the module is 1.  The extra bits will be ignored. File: C:/Users/abdul/OneDrive/HW2/files/adder_32.v Line: 51
Warning (12020): Port "ordered port 4" on the entity instantiation of "and_3" is connected to a signal of width 32. The formal width of the signal in the module is 1.  The extra bits will be ignored. File: C:/Users/abdul/OneDrive/HW2/files/adder_32.v Line: 50
Warning (12020): Port "ordered port 4" on the entity instantiation of "and_9" is connected to a signal of width 32. The formal width of the signal in the module is 1.  The extra bits will be ignored. File: C:/Users/abdul/OneDrive/HW2/files/adder_32.v Line: 61
Warning (12020): Port "ordered port 4" on the entity instantiation of "and_5" is connected to a signal of width 32. The formal width of the signal in the module is 1.  The extra bits will be ignored. File: C:/Users/abdul/OneDrive/HW2/files/adder_32.v Line: 55
Warning (12020): Port "ordered port 4" on the entity instantiation of "or_3" is connected to a signal of width 32. The formal width of the signal in the module is 1.  The extra bits will be ignored. File: C:/Users/abdul/OneDrive/HW2/files/adder_32.v Line: 51
Warning (12020): Port "ordered port 4" on the entity instantiation of "and_3" is connected to a signal of width 32. The formal width of the signal in the module is 1.  The extra bits will be ignored. File: C:/Users/abdul/OneDrive/HW2/files/adder_32.v Line: 50
Warning (12020): Port "ordered port 4" on the entity instantiation of "and_9" is connected to a signal of width 32. The formal width of the signal in the module is 1.  The extra bits will be ignored. File: C:/Users/abdul/OneDrive/HW2/files/adder_32.v Line: 61
Warning (12020): Port "ordered port 4" on the entity instantiation of "and_5" is connected to a signal of width 32. The formal width of the signal in the module is 1.  The extra bits will be ignored. File: C:/Users/abdul/OneDrive/HW2/files/adder_32.v Line: 55
Warning (12020): Port "ordered port 4" on the entity instantiation of "or_3" is connected to a signal of width 32. The formal width of the signal in the module is 1.  The extra bits will be ignored. File: C:/Users/abdul/OneDrive/HW2/files/adder_32.v Line: 51
Warning (12020): Port "ordered port 4" on the entity instantiation of "and_3" is connected to a signal of width 32. The formal width of the signal in the module is 1.  The extra bits will be ignored. File: C:/Users/abdul/OneDrive/HW2/files/adder_32.v Line: 50
Warning (12241): 6 hierarchies have connectivity warnings - see the Connectivity Checks report folder
Info (286030): Timing-Driven Synthesis is running
Info (16010): Generating hard_block partition "hard_block:auto_generated_inst"
    Info (16011): Adding 0 node(s), including 0 DDIO, 0 PLL, 0 transceiver and 0 LCELL
Info (21057): Implemented 419 device resources after synthesis - the final resource count might be different
    Info (21058): Implemented 69 input pins
    Info (21059): Implemented 32 output pins
    Info (21061): Implemented 318 logic cells
Info: Quartus Prime Analysis & Synthesis was successful. 0 errors, 108 warnings
    Info: Peak virtual memory: 4869 megabytes
    Info: Processing ended: Sun Dec 10 23:50:46 2023
    Info: Elapsed time: 00:00:13
    Info: Total CPU time (on all processors): 00:00:23


